<?xml version="1.0" encoding="UTF-8"?>
<!-- Generated by org.testng.reporters.JUnitReportReporter -->
<testsuite hostname="DESKTOP-GEBH8JJ" failures="0" tests="1" name="org.grouping.Grouping" time="0.006" errors="0" timestamp="05 Sep 2024 04:26:12 GMT" skipped="0">
  <testcase classname="org.grouping.Grouping" name="A3" time="0.006"/>
</testsuite> <!-- org.grouping.Grouping -->
