<?xml version="1.0" encoding="UTF-8"?>
<!-- Generated by org.testng.reporters.JUnitReportReporter -->
<testsuite hostname="DESKTOP-GEBH8JJ" failures="0" tests="2" name="org.dataprovidertest.DataProviderTest" time="0.006" errors="0" timestamp="05 Sep 2024 03:59:51 GMT" skipped="0">
  <testcase classname="org.dataprovidertest.DataProviderTest" name="test2" time="0.000"/>
  <testcase classname="org.dataprovidertest.DataProviderTest" name="test1" time="0.006"/>
</testsuite> <!-- org.dataprovidertest.DataProviderTest -->
