<?xml version="1.0" encoding="UTF-8"?>
<!-- Generated by org.testng.reporters.JUnitReportReporter -->
<testsuite hostname="DESKTOP-GEBH8JJ" failures="0" tests="2" name="FreshTestNg.NewTest" time="1.240" errors="0" timestamp="28 Aug 2024 04:42:20 GMT" skipped="0">
  <testcase classname="FreshTestNg.NewTest" name="test1" time="1.232"/>
  <testcase classname="FreshTestNg.NewTest" name="f1" time="0.008"/>
</testsuite> <!-- FreshTestNg.NewTest -->
