<?xml version="1.0" encoding="UTF-8"?>
<!-- Generated by org.testng.reporters.JUnitReportReporter -->
<testsuite hostname="DESKTOP-GEBH8JJ" failures="0" tests="6" name="org.parameter.B" time="0.014" errors="0" timestamp="03 Sep 2024 05:35:10 GMT" skipped="0">
  <testcase classname="org.parameter.B" name="B2" time="0.000"/>
  <testcase classname="org.parameter.B" name="B3" time="0.001"/>
  <testcase classname="org.parameter.B" name="B2" time="0.008"/>
  <testcase classname="org.parameter.B" name="B3" time="0.001"/>
  <testcase classname="org.parameter.B" name="B1" time="0.001"/>
  <testcase classname="org.parameter.B" name="B1" time="0.003"/>
</testsuite> <!-- org.parameter.B -->
