<?xml version="1.0" encoding="UTF-8"?>
<!-- Generated by org.testng.reporters.JUnitReportReporter -->
<testsuite hostname="DESKTOP-GEBH8JJ" failures="0" tests="3" name="org.reruntest.WithoutB" time="0.003" errors="0" timestamp="06 Sep 2024 04:25:35 GMT" skipped="0">
  <testcase classname="org.reruntest.WithoutB" name="B1" time="0.001"/>
  <testcase classname="org.reruntest.WithoutB" name="B2" time="0.001"/>
  <testcase classname="org.reruntest.WithoutB" name="B3" time="0.001"/>
</testsuite> <!-- org.reruntest.WithoutB -->
