<?xml version="1.0" encoding="UTF-8"?>
<!-- Generated by org.testng.reporters.JUnitReportReporter -->
<testsuite hostname="DESKTOP-GEBH8JJ" failures="0" tests="1" name="org.grouping.GroupingB" time="0.002" errors="0" timestamp="05 Sep 2024 04:36:38 GMT" skipped="0">
  <testcase classname="org.grouping.GroupingB" name="B1" time="0.002"/>
</testsuite> <!-- org.grouping.GroupingB -->
