<?xml version="1.0" encoding="UTF-8"?>
<!-- Generated by org.testng.reporters.JUnitReportReporter -->
<testsuite hostname="DESKTOP-GEBH8JJ" failures="0" tests="1" name="FreshTestNg.BaseClass" time="0.007" errors="0" timestamp="28 Aug 2024 04:29:56 GMT" skipped="0">
  <testcase classname="FreshTestNg.BaseClass" name="f" time="0.007"/>
</testsuite> <!-- FreshTestNg.BaseClass -->
