<?xml version="1.0" encoding="UTF-8"?>
<!-- Generated by org.testng.reporters.JUnitReportReporter -->
<testsuite hostname="DESKTOP-GEBH8JJ" failures="0" tests="3" name="org.reruntest.AWithout" time="0.009" errors="0" timestamp="06 Sep 2024 04:25:35 GMT" skipped="0">
  <testcase classname="org.reruntest.AWithout" name="A3" time="0.001"/>
  <testcase classname="org.reruntest.AWithout" name="A2" time="0.001"/>
  <testcase classname="org.reruntest.AWithout" name="A1" time="0.007"/>
</testsuite> <!-- org.reruntest.AWithout -->
