<?xml version="1.0" encoding="UTF-8"?>
<!-- Generated by org.testng.reporters.JUnitReportReporter -->
<testsuite hostname="DESKTOP-GEBH8JJ" failures="0" tests="1" name="org.grouping.GroupingA" time="0.011" errors="0" timestamp="05 Sep 2024 04:36:38 GMT" skipped="0">
  <testcase classname="org.grouping.GroupingA" name="A1" time="0.011"/>
</testsuite> <!-- org.grouping.GroupingA -->
