<?xml version="1.0" encoding="UTF-8"?>
<!-- Generated by org.testng.reporters.JUnitReportReporter -->
<testsuite hostname="DESKTOP-GEBH8JJ" failures="0" tests="6" name="org.parameter.C" time="0.007" errors="0" timestamp="03 Sep 2024 05:35:10 GMT" skipped="0">
  <testcase classname="org.parameter.C" name="C1" time="0.001"/>
  <testcase classname="org.parameter.C" name="C2" time="0.002"/>
  <testcase classname="org.parameter.C" name="C2" time="0.001"/>
  <testcase classname="org.parameter.C" name="C3" time="0.001"/>
  <testcase classname="org.parameter.C" name="C1" time="0.001"/>
  <testcase classname="org.parameter.C" name="C3" time="0.001"/>
</testsuite> <!-- org.parameter.C -->
